
1.002 24/07/23
1) Значения по-умолчанию для моделей

1.004 25/07/23
1) Список марок + количество моделей

1.005 09/08/23
1) Если есть значение по умолчанию для контрола и при этом у поля нет значения (null), то при открытии на редактирование встает значение по-умолчанию
Исправлено ViewAjx.js добавлен вызовз метода reset() перед установкой initValue()

1.006
1) ItemPriority сортировка по-умолчанию по коду.


1.007
1) AutoModelGenerationList_View Модель - Модификация
2) Поколения. Нужна колонка Наименование с авторасчетом
3) Кузова по новому. Привязка к моделям + кузова поколения.


1.010
1) FinExpenseType new field lev int.
	CashFlowOutList_View.js lev option.
	FinExpenseTypeEdit.js
	FinExpenseTypeItemEdit.js


1.011
1) CashFlowOutCommentList
2) FinExpenseType new column lev


1.012
1) ViewGridEditInlineAjx.js function setReadBinds()
2) New controls: ButtonDateNext.js, ButtonDatePrev.js.
3) Edit.js m_buttonsBefore container for before input buttons.


1.013 2024-10-19
1) CashFlowOut added new field: comment_text2 with arbitary comment.


1.014
1) rg_cash_flow_balance
	check on 2024-08-02 should be 2960, not -
	Problem with time zone: document.date_time is time with timezone, doc_log.date_time and ra.date_time are time without timezone.


1.015
1) ViewGridEditInlineAjx.setReadBinds() found compromiss


1.016
1) EditNum.js: event onPaste: spaces are removed


1.017 2024-10-25
1) App_glab.getDefaultCashLocation()
	CashFlowOutList_View callcs App_glab function


1.018
1) EditFloat onPaste event corrected to accept dot && comma.
2) FinExpenseTypeEdit, FinExpenseTypeItemEdit added condition field to filter not deleted only.


1.019
1) CashFlowOutList_View, CashFlowInList_View filters on expense type fields.
2) ModifTime timestamp instead of time string.


